<?xml version="1.0" encoding="UTF-8"?>
<testsuite xmlns:xsi="http://www.w3.org/2001/XMLSchema-instance" xsi:noNamespaceSchemaLocation="https://maven.apache.org/surefire/maven-surefire-plugin/xsd/surefire-test-report.xsd" name="com.newsletter.service.controller.ControllerTest" time="6.067" tests="14" errors="0" skipped="0" failures="0">
  <properties>
[...]
</properties>
  <testcase name="testInvalidSubscribe" classname="com.newsletter.service.controller.ControllerTest" time="0.921"/>
  <testcase name="testIsNotSubscribed" classname="com.newsletter.service.controller.ControllerTest" time="0.015"/>
  <testcase name="contexLoads" classname="com.newsletter.service.controller.ControllerTest" time="0.069"/>
  <testcase name="testInvalidIsSubscribed" classname="com.newsletter.service.controller.ControllerTest" time="0.011"/>
  <testcase name="testAfterSubscription" classname="com.newsletter.service.controller.ControllerTest" time="0.014"/>
  <testcase name="testInvalidBeforeSubscription" classname="com.newsletter.service.controller.ControllerTest" time="0.012"/>
  <testcase name="testSubscribe" classname="com.newsletter.service.controller.ControllerTest" time="0.011"/>
  <testcase name="testRemoveSubscription" classname="com.newsletter.service.controller.ControllerTest" time="0.011"/>
  <testcase name="testBeforeSubscription" classname="com.newsletter.service.controller.ControllerTest" time="0.009"/>
  <testcase name="testInvalidAfterSubscription" classname="com.newsletter.service.controller.ControllerTest" time="0.011"/>
  <testcase name="testEmptyBeforeSubscription" classname="com.newsletter.service.controller.ControllerTest" time="0.014"/>
  <testcase name="testEmptyAfterSubscription" classname="com.newsletter.service.controller.ControllerTest" time="0.009"/>
  <testcase name="testDefaultMessage" classname="com.newsletter.service.controller.ControllerTest" time="0.02"/>
  <testcase name="testIsSubscribed" classname="com.newsletter.service.controller.ControllerTest" time="0.008"/>
</testsuite>